build/app/intermediates/manifest_merge_blame_file/release/manifest-merger-blame-release-report.txt
1<?xml version="1.0" encoding="utf-8"?>
2<manifest xmlns:android="http://schemas.android.com/apk/res/android"
3    package="org.vunkers.thingsboard.app"
4    android:versionCode="7"
5    android:versionName="7.0.0" >
6
7    <uses-sdk
8        android:minSdkVersion="21"
8-->src\main\AndroidManifest.xml
9        android:targetSdkVersion="34" />
9-->src\main\AndroidManifest.xml
10
11    <uses-permission android:name="android.permission.INTERNET" />
11-->src\main\AndroidManifest.xml:3:5-67
11-->src\main\AndroidManifest.xml:3:22-64
12    <uses-permission android:name="android.permission.ACCESS_FINE_LOCATION" />
12-->src\main\AndroidManifest.xml:4:5-79
12-->src\main\AndroidManifest.xml:4:22-76
13    <uses-permission android:name="android.permission.ACCESS_COARSE_LOCATION" />
13-->src\main\AndroidManifest.xml:5:5-81
13-->src\main\AndroidManifest.xml:5:22-78
14    <uses-permission android:name="android.permission.CAMERA" />
14-->src\main\AndroidManifest.xml:6:5-65
14-->src\main\AndroidManifest.xml:6:22-62
15    <uses-permission android:name="android.permission.RECORD_AUDIO" />
15-->src\main\AndroidManifest.xml:7:5-71
15-->src\main\AndroidManifest.xml:7:22-68
16    <uses-permission android:name="android.permission.MODIFY_AUDIO_SETTINGS" />
16-->src\main\AndroidManifest.xml:8:5-80
16-->src\main\AndroidManifest.xml:8:22-77
17    <uses-permission android:name="android.permission.VIDEO_CAPTURE" />
17-->src\main\AndroidManifest.xml:9:5-72
17-->src\main\AndroidManifest.xml:9:22-69
18    <uses-permission android:name="android.permission.AUDIO_CAPTURE" />
18-->src\main\AndroidManifest.xml:10:5-72
18-->src\main\AndroidManifest.xml:10:22-69
19    <uses-permission android:name="android.permission.WRITE_EXTERNAL_STORAGE" />
19-->src\main\AndroidManifest.xml:11:5-81
19-->src\main\AndroidManifest.xml:11:22-78
20    <uses-permission android:name="android.permission.POST_NOTIFICATIONS" />
20-->src\main\AndroidManifest.xml:12:5-77
20-->src\main\AndroidManifest.xml:12:22-74
21
22    <queries>
22-->src\main\AndroidManifest.xml:13:5-26:15
23        <intent>
23-->src\main\AndroidManifest.xml:14:9-17:18
24            <action android:name="android.intent.action.VIEW" />
24-->src\main\AndroidManifest.xml:15:13-65
24-->src\main\AndroidManifest.xml:15:21-62
25
26            <data android:scheme="https" />
26-->src\main\AndroidManifest.xml:16:13-44
26-->src\main\AndroidManifest.xml:16:19-41
27        </intent>
28        <intent>
28-->src\main\AndroidManifest.xml:18:9-21:18
29            <action android:name="android.intent.action.DIAL" />
29-->src\main\AndroidManifest.xml:19:13-65
29-->src\main\AndroidManifest.xml:19:21-62
30
31            <data android:scheme="tel" />
31-->src\main\AndroidManifest.xml:16:13-44
31-->src\main\AndroidManifest.xml:16:19-41
32        </intent>
33        <intent>
33-->src\main\AndroidManifest.xml:22:9-25:18
34            <action android:name="android.intent.action.SEND" />
34-->src\main\AndroidManifest.xml:23:13-65
34-->src\main\AndroidManifest.xml:23:21-62
35
36            <data android:mimeType="*/*" />
36-->src\main\AndroidManifest.xml:16:13-44
36-->src\main\AndroidManifest.xml:24:19-41
37        </intent>
38        <intent>
38-->[:flutter_inappwebview_android] AndroidManifest.xml:10:9-12:18
39            <action android:name="android.support.customtabs.action.CustomTabsService" />
39-->[:flutter_inappwebview_android] AndroidManifest.xml:11:13-90
39-->[:flutter_inappwebview_android] AndroidManifest.xml:11:21-87
40        </intent>
41    </queries>
42
43    <uses-permission android:name="android.permission.WAKE_LOCK" />
43-->[:firebase_messaging] AndroidManifest.xml:10:5-68
43-->[:firebase_messaging] AndroidManifest.xml:10:22-65
44    <uses-permission android:name="android.permission.ACCESS_NETWORK_STATE" />
44-->[:firebase_messaging] AndroidManifest.xml:11:5-79
44-->[:firebase_messaging] AndroidManifest.xml:11:22-76
45    <uses-permission android:name="android.permission.VIBRATE" /> <!-- Required by older versions of Google Play services to create IID tokens -->
45-->[:flutter_local_notifications] AndroidManifest.xml:9:5-66
45-->[:flutter_local_notifications] AndroidManifest.xml:9:22-63
46    <uses-permission android:name="com.google.android.c2dm.permission.RECEIVE" />
46-->[com.google.firebase:firebase-messaging:24.1.0] AndroidManifest.xml:26:5-82
46-->[com.google.firebase:firebase-messaging:24.1.0] AndroidManifest.xml:26:22-79
47
48    <permission
48-->[androidx.core:core:1.13.1] AndroidManifest.xml:22:5-24:47
49        android:name="org.vunkers.thingsboard.app.DYNAMIC_RECEIVER_NOT_EXPORTED_PERMISSION"
49-->[androidx.core:core:1.13.1] AndroidManifest.xml:23:9-81
50        android:protectionLevel="signature" />
50-->[androidx.core:core:1.13.1] AndroidManifest.xml:24:9-44
51
52    <uses-permission android:name="org.vunkers.thingsboard.app.DYNAMIC_RECEIVER_NOT_EXPORTED_PERMISSION" /> <!-- for android -->
52-->[androidx.core:core:1.13.1] AndroidManifest.xml:26:5-97
52-->[androidx.core:core:1.13.1] AndroidManifest.xml:26:22-94
53    <!-- <uses-permission android:name="com.android.launcher.permission.READ_SETTINGS"/> -->
54    <!-- <uses-permission android:name="com.android.launcher.permission.WRITE_SETTINGS"/> -->
55    <!-- <uses-permission android:name="com.android.launcher.permission.INSTALL_SHORTCUT" /> -->
56    <!-- <uses-permission android:name="com.android.launcher.permission.UNINSTALL_SHORTCUT" /> -->
57    <!-- for Samsung -->
58    <uses-permission android:name="com.sec.android.provider.badge.permission.READ" />
58-->[me.leolin:ShortcutBadger:1.1.22] AndroidManifest.xml:19:5-86
58-->[me.leolin:ShortcutBadger:1.1.22] AndroidManifest.xml:19:22-83
59    <uses-permission android:name="com.sec.android.provider.badge.permission.WRITE" /> <!-- for htc -->
59-->[me.leolin:ShortcutBadger:1.1.22] AndroidManifest.xml:20:5-87
59-->[me.leolin:ShortcutBadger:1.1.22] AndroidManifest.xml:20:22-84
60    <uses-permission android:name="com.htc.launcher.permission.READ_SETTINGS" />
60-->[me.leolin:ShortcutBadger:1.1.22] AndroidManifest.xml:23:5-81
60-->[me.leolin:ShortcutBadger:1.1.22] AndroidManifest.xml:23:22-78
61    <uses-permission android:name="com.htc.launcher.permission.UPDATE_SHORTCUT" /> <!-- for sony -->
61-->[me.leolin:ShortcutBadger:1.1.22] AndroidManifest.xml:24:5-83
61-->[me.leolin:ShortcutBadger:1.1.22] AndroidManifest.xml:24:22-80
62    <uses-permission android:name="com.sonyericsson.home.permission.BROADCAST_BADGE" />
62-->[me.leolin:ShortcutBadger:1.1.22] AndroidManifest.xml:27:5-88
62-->[me.leolin:ShortcutBadger:1.1.22] AndroidManifest.xml:27:22-85
63    <uses-permission android:name="com.sonymobile.home.permission.PROVIDER_INSERT_BADGE" /> <!-- for apex -->
63-->[me.leolin:ShortcutBadger:1.1.22] AndroidManifest.xml:28:5-92
63-->[me.leolin:ShortcutBadger:1.1.22] AndroidManifest.xml:28:22-89
64    <uses-permission android:name="com.anddoes.launcher.permission.UPDATE_COUNT" /> <!-- for solid -->
64-->[me.leolin:ShortcutBadger:1.1.22] AndroidManifest.xml:31:5-84
64-->[me.leolin:ShortcutBadger:1.1.22] AndroidManifest.xml:31:22-81
65    <uses-permission android:name="com.majeur.launcher.permission.UPDATE_BADGE" /> <!-- for huawei -->
65-->[me.leolin:ShortcutBadger:1.1.22] AndroidManifest.xml:34:5-83
65-->[me.leolin:ShortcutBadger:1.1.22] AndroidManifest.xml:34:22-80
66    <uses-permission android:name="com.huawei.android.launcher.permission.CHANGE_BADGE" />
66-->[me.leolin:ShortcutBadger:1.1.22] AndroidManifest.xml:37:5-91
66-->[me.leolin:ShortcutBadger:1.1.22] AndroidManifest.xml:37:22-88
67    <uses-permission android:name="com.huawei.android.launcher.permission.READ_SETTINGS" />
67-->[me.leolin:ShortcutBadger:1.1.22] AndroidManifest.xml:38:5-92
67-->[me.leolin:ShortcutBadger:1.1.22] AndroidManifest.xml:38:22-89
68    <uses-permission android:name="com.huawei.android.launcher.permission.WRITE_SETTINGS" /> <!-- for ZUK -->
68-->[me.leolin:ShortcutBadger:1.1.22] AndroidManifest.xml:39:5-93
68-->[me.leolin:ShortcutBadger:1.1.22] AndroidManifest.xml:39:22-90
69    <uses-permission android:name="android.permission.READ_APP_BADGE" /> <!-- for OPPO -->
69-->[me.leolin:ShortcutBadger:1.1.22] AndroidManifest.xml:42:5-73
69-->[me.leolin:ShortcutBadger:1.1.22] AndroidManifest.xml:42:22-70
70    <uses-permission android:name="com.oppo.launcher.permission.READ_SETTINGS" />
70-->[me.leolin:ShortcutBadger:1.1.22] AndroidManifest.xml:45:5-82
70-->[me.leolin:ShortcutBadger:1.1.22] AndroidManifest.xml:45:22-79
71    <uses-permission android:name="com.oppo.launcher.permission.WRITE_SETTINGS" /> <!-- for EvMe -->
71-->[me.leolin:ShortcutBadger:1.1.22] AndroidManifest.xml:46:5-83
71-->[me.leolin:ShortcutBadger:1.1.22] AndroidManifest.xml:46:22-80
72    <uses-permission android:name="me.everything.badger.permission.BADGE_COUNT_READ" />
72-->[me.leolin:ShortcutBadger:1.1.22] AndroidManifest.xml:49:5-88
72-->[me.leolin:ShortcutBadger:1.1.22] AndroidManifest.xml:49:22-85
73    <uses-permission android:name="me.everything.badger.permission.BADGE_COUNT_WRITE" /> <!-- Don't require camera, as this requires a rear camera. This allows it to work on the Nexus 7 -->
73-->[me.leolin:ShortcutBadger:1.1.22] AndroidManifest.xml:50:5-89
73-->[me.leolin:ShortcutBadger:1.1.22] AndroidManifest.xml:50:22-86
74    <uses-feature
74-->[com.journeyapps:zxing-android-embedded:4.3.0] AndroidManifest.xml:25:5-27:36
75        android:name="android.hardware.camera"
75-->[com.journeyapps:zxing-android-embedded:4.3.0] AndroidManifest.xml:26:9-47
76        android:required="false" />
76-->[com.journeyapps:zxing-android-embedded:4.3.0] AndroidManifest.xml:27:9-33
77    <uses-feature
77-->[com.journeyapps:zxing-android-embedded:4.3.0] AndroidManifest.xml:28:5-30:36
78        android:name="android.hardware.camera.front"
78-->[com.journeyapps:zxing-android-embedded:4.3.0] AndroidManifest.xml:29:9-53
79        android:required="false" /> <!-- TODO replace above two with next line after Android 4.2 -->
79-->[com.journeyapps:zxing-android-embedded:4.3.0] AndroidManifest.xml:30:9-33
80    <!-- <uses-feature android:name="android.hardware.camera.any"/> -->
81    <uses-feature
81-->[com.journeyapps:zxing-android-embedded:4.3.0] AndroidManifest.xml:33:5-35:36
82        android:name="android.hardware.camera.autofocus"
82-->[com.journeyapps:zxing-android-embedded:4.3.0] AndroidManifest.xml:34:9-57
83        android:required="false" />
83-->[com.journeyapps:zxing-android-embedded:4.3.0] AndroidManifest.xml:35:9-33
84    <uses-feature
84-->[com.journeyapps:zxing-android-embedded:4.3.0] AndroidManifest.xml:36:5-38:36
85        android:name="android.hardware.camera.flash"
85-->[com.journeyapps:zxing-android-embedded:4.3.0] AndroidManifest.xml:37:9-53
86        android:required="false" />
86-->[com.journeyapps:zxing-android-embedded:4.3.0] AndroidManifest.xml:38:9-33
87    <uses-feature
87-->[com.journeyapps:zxing-android-embedded:4.3.0] AndroidManifest.xml:39:5-41:36
88        android:name="android.hardware.screen.landscape"
88-->[com.journeyapps:zxing-android-embedded:4.3.0] AndroidManifest.xml:40:9-57
89        android:required="false" />
89-->[com.journeyapps:zxing-android-embedded:4.3.0] AndroidManifest.xml:41:9-33
90    <uses-feature
90-->[com.journeyapps:zxing-android-embedded:4.3.0] AndroidManifest.xml:42:5-44:36
91        android:name="android.hardware.wifi"
91-->[com.journeyapps:zxing-android-embedded:4.3.0] AndroidManifest.xml:43:9-45
92        android:required="false" />
92-->[com.journeyapps:zxing-android-embedded:4.3.0] AndroidManifest.xml:44:9-33
93
94    <application
94-->src\main\AndroidManifest.xml:27:5-125:19
95        android:allowBackup="false"
95-->src\main\AndroidManifest.xml:28:9-36
96        android:appComponentFactory="androidx.core.app.CoreComponentFactory"
96-->[androidx.core:core:1.13.1] AndroidManifest.xml:28:18-86
97        android:fullBackupContent="false"
97-->src\main\AndroidManifest.xml:29:9-42
98        android:icon="@mipmap/launcher_icon"
98-->src\main\AndroidManifest.xml:33:9-45
99        android:label="Vunkers IoT"
99-->src\main\AndroidManifest.xml:31:9-36
100        android:networkSecurityConfig="@xml/network_security_config"
100-->src\main\AndroidManifest.xml:32:9-69
101        android:requestLegacyExternalStorage="true" >
101-->src\main\AndroidManifest.xml:30:9-52
102
103        <!--
104        Set custom default icon. This is used when no icon is set for incoming notification messages.
105        See README(https://goo.gl/l4GJaQ) for more.
106        -->
107        <meta-data
107-->src\main\AndroidManifest.xml:38:9-41:11
108            android:name="com.google.firebase.messaging.default_notification_icon"
108-->src\main\AndroidManifest.xml:39:13-83
109            android:resource="@mipmap/thingsboard" />
109-->src\main\AndroidManifest.xml:40:13-51
110
111        <activity
111-->src\main\AndroidManifest.xml:42:9-89:20
112            android:name="org.thingsboard.pe.app.MainActivity"
112-->src\main\AndroidManifest.xml:43:13-41
113            android:configChanges="orientation|keyboardHidden|keyboard|screenSize|smallestScreenSize|locale|layoutDirection|fontScale|screenLayout|density|uiMode"
113-->src\main\AndroidManifest.xml:47:13-163
114            android:exported="true"
114-->src\main\AndroidManifest.xml:44:13-36
115            android:hardwareAccelerated="true"
115-->src\main\AndroidManifest.xml:48:13-47
116            android:launchMode="singleTask"
116-->src\main\AndroidManifest.xml:45:13-44
117            android:theme="@style/LaunchTheme"
117-->src\main\AndroidManifest.xml:46:13-47
118            android:windowSoftInputMode="adjustResize" >
118-->src\main\AndroidManifest.xml:49:13-55
119
120            <!--
121                 Specifies an Android theme to apply to this Activity as soon as
122                 the Android process has started. This theme is visible to the user
123                 while the Flutter UI initializes. After that, this theme continues
124                 to determine the Window background behind the Flutter UI.
125            -->
126            <meta-data
126-->src\main\AndroidManifest.xml:54:13-57:17
127                android:name="io.flutter.embedding.android.NormalTheme"
127-->src\main\AndroidManifest.xml:55:15-70
128                android:resource="@style/NormalTheme" />
128-->src\main\AndroidManifest.xml:56:15-52
129            <!--
130                 Displays an Android View that continues showing the launch screen
131                 Drawable until Flutter paints its first frame, then this splash
132                 screen fades out. A splash screen is useful to avoid any visual
133                 gap between the end of Android's launch screen and the painting of
134                 Flutter's first frame.
135            -->
136            <meta-data
136-->src\main\AndroidManifest.xml:63:13-66:17
137                android:name="io.flutter.embedding.android.SplashScreenDrawable"
137-->src\main\AndroidManifest.xml:64:15-79
138                android:resource="@drawable/launch_background" />
138-->src\main\AndroidManifest.xml:65:15-61
139
140            <intent-filter>
140-->src\main\AndroidManifest.xml:67:13-70:29
141                <action android:name="android.intent.action.MAIN" />
141-->src\main\AndroidManifest.xml:68:17-68
141-->src\main\AndroidManifest.xml:68:25-66
142
143                <category android:name="android.intent.category.LAUNCHER" />
143-->src\main\AndroidManifest.xml:69:17-76
143-->src\main\AndroidManifest.xml:69:27-74
144            </intent-filter>
145            <intent-filter>
145-->src\main\AndroidManifest.xml:72:13-77:29
146                <action android:name="android.intent.action.VIEW" />
146-->src\main\AndroidManifest.xml:15:13-65
146-->src\main\AndroidManifest.xml:15:21-62
147
148                <category android:name="android.intent.category.DEFAULT" />
148-->src\main\AndroidManifest.xml:74:17-76
148-->src\main\AndroidManifest.xml:74:27-73
149                <category android:name="android.intent.category.BROWSABLE" />
149-->src\main\AndroidManifest.xml:75:17-78
149-->src\main\AndroidManifest.xml:75:27-75
150
151                <data
151-->src\main\AndroidManifest.xml:16:13-44
152                    android:host="app.pe.thingsboard.org"
152-->src\main\AndroidManifest.xml:76:49-86
153                    android:scheme="tbscheme" />
153-->src\main\AndroidManifest.xml:16:19-41
154            </intent-filter>
155
156            <!-- App Links -->
157            <intent-filter android:autoVerify="true" >
157-->src\main\AndroidManifest.xml:80:13-88:29
157-->src\main\AndroidManifest.xml:80:28-53
158                <action android:name="android.intent.action.VIEW" />
158-->src\main\AndroidManifest.xml:15:13-65
158-->src\main\AndroidManifest.xml:15:21-62
159
160                <category android:name="android.intent.category.DEFAULT" />
160-->src\main\AndroidManifest.xml:74:17-76
160-->src\main\AndroidManifest.xml:74:27-73
161                <category android:name="android.intent.category.BROWSABLE" />
161-->src\main\AndroidManifest.xml:75:17-78
161-->src\main\AndroidManifest.xml:75:27-75
162
163                <data
163-->src\main\AndroidManifest.xml:16:13-44
164                    android:host="thingsboard.cloud"
164-->src\main\AndroidManifest.xml:76:49-86
165                    android:pathPrefix="/api/noauth/qr"
165-->src\main\AndroidManifest.xml:87:21-56
166                    android:scheme="https" />
166-->src\main\AndroidManifest.xml:16:19-41
167            </intent-filter>
168        </activity>
169        <activity
169-->src\main\AndroidManifest.xml:91:9-100:20
170            android:name="org.thingsboard.pe.app.TbWebCallbackActivity"
170-->src\main\AndroidManifest.xml:92:13-50
171            android:exported="true" >
171-->src\main\AndroidManifest.xml:93:13-36
172            <intent-filter android:label="tb_web_auth" >
172-->src\main\AndroidManifest.xml:94:13-99:29
172-->src\main\AndroidManifest.xml:94:28-55
173                <action android:name="android.intent.action.VIEW" />
173-->src\main\AndroidManifest.xml:15:13-65
173-->src\main\AndroidManifest.xml:15:21-62
174
175                <category android:name="android.intent.category.DEFAULT" />
175-->src\main\AndroidManifest.xml:74:17-76
175-->src\main\AndroidManifest.xml:74:27-73
176                <category android:name="android.intent.category.BROWSABLE" />
176-->src\main\AndroidManifest.xml:75:17-78
176-->src\main\AndroidManifest.xml:75:27-75
177
178                <data android:scheme="org.thingsboard.pe.app.auth" />
178-->src\main\AndroidManifest.xml:16:13-44
178-->src\main\AndroidManifest.xml:16:19-41
179            </intent-filter>
180        </activity>
181
182        <!--
183             Don't delete the meta-data below.
184             This is used by the Flutter tool to generate GeneratedPluginRegistrant.java
185        -->
186        <meta-data
186-->src\main\AndroidManifest.xml:104:9-107:11
187            android:name="flutterEmbedding"
187-->src\main\AndroidManifest.xml:105:13-44
188            android:value="2" />
188-->src\main\AndroidManifest.xml:106:13-30
189        <meta-data
189-->src\main\AndroidManifest.xml:108:9-109:69
190            android:name="io.flutter.network-policy"
190-->src\main\AndroidManifest.xml:108:20-60
191            android:resource="@xml/network_security_config" />
191-->src\main\AndroidManifest.xml:109:20-67
192
193        <!-- A custom Android Notification Channel to deliver FCM notifications on a non-default channel -->
194        <meta-data
194-->src\main\AndroidManifest.xml:112:9-114:39
195            android:name="com.google.firebase.messaging.default_notification_channel_id"
195-->src\main\AndroidManifest.xml:113:13-89
196            android:value="general" />
196-->src\main\AndroidManifest.xml:114:13-36
197
198        <provider
199            android:name="androidx.core.content.FileProvider"
199-->src\main\AndroidManifest.xml:117:17-66
200            android:authorities="org.vunkers.thingsboard.app.flutter_inappwebview.fileprovider"
200-->src\main\AndroidManifest.xml:118:17-89
201            android:exported="false"
201-->src\main\AndroidManifest.xml:119:17-41
202            android:grantUriPermissions="true" >
202-->src\main\AndroidManifest.xml:120:17-51
203            <meta-data
203-->src\main\AndroidManifest.xml:121:13-123:62
204                android:name="android.support.FILE_PROVIDER_PATHS"
204-->src\main\AndroidManifest.xml:122:21-71
205                android:resource="@xml/provider_paths" />
205-->src\main\AndroidManifest.xml:123:21-59
206        </provider>
207
208        <service
208-->[:firebase_messaging] AndroidManifest.xml:16:9-19:72
209            android:name="io.flutter.plugins.firebase.messaging.FlutterFirebaseMessagingBackgroundService"
209-->[:firebase_messaging] AndroidManifest.xml:17:13-107
210            android:exported="false"
210-->[:firebase_messaging] AndroidManifest.xml:18:13-37
211            android:permission="android.permission.BIND_JOB_SERVICE" />
211-->[:firebase_messaging] AndroidManifest.xml:19:13-69
212        <service
212-->[:firebase_messaging] AndroidManifest.xml:20:9-26:19
213            android:name="io.flutter.plugins.firebase.messaging.FlutterFirebaseMessagingService"
213-->[:firebase_messaging] AndroidManifest.xml:21:13-97
214            android:exported="false" >
214-->[:firebase_messaging] AndroidManifest.xml:22:13-37
215            <intent-filter>
215-->[:firebase_messaging] AndroidManifest.xml:23:13-25:29
216                <action android:name="com.google.firebase.MESSAGING_EVENT" />
216-->[:firebase_messaging] AndroidManifest.xml:24:17-78
216-->[:firebase_messaging] AndroidManifest.xml:24:25-75
217            </intent-filter>
218        </service>
219
220        <receiver
220-->[:firebase_messaging] AndroidManifest.xml:28:9-35:20
221            android:name="io.flutter.plugins.firebase.messaging.FlutterFirebaseMessagingReceiver"
221-->[:firebase_messaging] AndroidManifest.xml:29:13-98
222            android:exported="true"
222-->[:firebase_messaging] AndroidManifest.xml:30:13-36
223            android:permission="com.google.android.c2dm.permission.SEND" >
223-->[:firebase_messaging] AndroidManifest.xml:31:13-73
224            <intent-filter>
224-->[:firebase_messaging] AndroidManifest.xml:32:13-34:29
225                <action android:name="com.google.android.c2dm.intent.RECEIVE" />
225-->[:firebase_messaging] AndroidManifest.xml:33:17-81
225-->[:firebase_messaging] AndroidManifest.xml:33:25-78
226            </intent-filter>
227        </receiver>
228
229        <service
229-->[:firebase_messaging] AndroidManifest.xml:37:9-41:19
230            android:name="com.google.firebase.components.ComponentDiscoveryService"
230-->[:firebase_messaging] AndroidManifest.xml:37:18-89
231            android:directBootAware="true"
231-->[com.google.firebase:firebase-common:21.0.0] AndroidManifest.xml:32:13-43
232            android:exported="false" >
232-->[com.google.firebase:firebase-messaging:24.1.0] AndroidManifest.xml:56:13-37
233            <meta-data
233-->[:firebase_messaging] AndroidManifest.xml:38:13-40:85
234                android:name="com.google.firebase.components:io.flutter.plugins.firebase.messaging.FlutterFirebaseAppRegistrar"
234-->[:firebase_messaging] AndroidManifest.xml:39:17-128
235                android:value="com.google.firebase.components.ComponentRegistrar" />
235-->[:firebase_messaging] AndroidManifest.xml:40:17-82
236            <meta-data
236-->[:firebase_core] AndroidManifest.xml:11:13-13:85
237                android:name="com.google.firebase.components:io.flutter.plugins.firebase.core.FlutterFirebaseCoreRegistrar"
237-->[:firebase_core] AndroidManifest.xml:12:17-124
238                android:value="com.google.firebase.components.ComponentRegistrar" />
238-->[:firebase_core] AndroidManifest.xml:13:17-82
239            <meta-data
239-->[com.google.firebase:firebase-messaging:24.1.0] AndroidManifest.xml:57:13-59:85
240                android:name="com.google.firebase.components:com.google.firebase.messaging.FirebaseMessagingKtxRegistrar"
240-->[com.google.firebase:firebase-messaging:24.1.0] AndroidManifest.xml:58:17-122
241                android:value="com.google.firebase.components.ComponentRegistrar" />
241-->[com.google.firebase:firebase-messaging:24.1.0] AndroidManifest.xml:59:17-82
242            <meta-data
242-->[com.google.firebase:firebase-messaging:24.1.0] AndroidManifest.xml:60:13-62:85
243                android:name="com.google.firebase.components:com.google.firebase.messaging.FirebaseMessagingRegistrar"
243-->[com.google.firebase:firebase-messaging:24.1.0] AndroidManifest.xml:61:17-119
244                android:value="com.google.firebase.components.ComponentRegistrar" />
244-->[com.google.firebase:firebase-messaging:24.1.0] AndroidManifest.xml:62:17-82
245            <meta-data
245-->[com.google.firebase:firebase-installations:18.0.0] AndroidManifest.xml:15:13-17:85
246                android:name="com.google.firebase.components:com.google.firebase.installations.FirebaseInstallationsKtxRegistrar"
246-->[com.google.firebase:firebase-installations:18.0.0] AndroidManifest.xml:16:17-130
247                android:value="com.google.firebase.components.ComponentRegistrar" />
247-->[com.google.firebase:firebase-installations:18.0.0] AndroidManifest.xml:17:17-82
248            <meta-data
248-->[com.google.firebase:firebase-installations:18.0.0] AndroidManifest.xml:18:13-20:85
249                android:name="com.google.firebase.components:com.google.firebase.installations.FirebaseInstallationsRegistrar"
249-->[com.google.firebase:firebase-installations:18.0.0] AndroidManifest.xml:19:17-127
250                android:value="com.google.firebase.components.ComponentRegistrar" />
250-->[com.google.firebase:firebase-installations:18.0.0] AndroidManifest.xml:20:17-82
251            <meta-data
251-->[com.google.firebase:firebase-common-ktx:21.0.0] AndroidManifest.xml:12:13-14:85
252                android:name="com.google.firebase.components:com.google.firebase.ktx.FirebaseCommonLegacyRegistrar"
252-->[com.google.firebase:firebase-common-ktx:21.0.0] AndroidManifest.xml:13:17-116
253                android:value="com.google.firebase.components.ComponentRegistrar" />
253-->[com.google.firebase:firebase-common-ktx:21.0.0] AndroidManifest.xml:14:17-82
254            <meta-data
254-->[com.google.firebase:firebase-common:21.0.0] AndroidManifest.xml:35:13-37:85
255                android:name="com.google.firebase.components:com.google.firebase.FirebaseCommonKtxRegistrar"
255-->[com.google.firebase:firebase-common:21.0.0] AndroidManifest.xml:36:17-109
256                android:value="com.google.firebase.components.ComponentRegistrar" />
256-->[com.google.firebase:firebase-common:21.0.0] AndroidManifest.xml:37:17-82
257            <meta-data
257-->[com.google.firebase:firebase-datatransport:18.2.0] AndroidManifest.xml:25:13-27:85
258                android:name="com.google.firebase.components:com.google.firebase.datatransport.TransportRegistrar"
258-->[com.google.firebase:firebase-datatransport:18.2.0] AndroidManifest.xml:26:17-115
259                android:value="com.google.firebase.components.ComponentRegistrar" />
259-->[com.google.firebase:firebase-datatransport:18.2.0] AndroidManifest.xml:27:17-82
260        </service>
261
262        <provider
262-->[:firebase_messaging] AndroidManifest.xml:43:9-47:38
263            android:name="io.flutter.plugins.firebase.messaging.FlutterFirebaseMessagingInitProvider"
263-->[:firebase_messaging] AndroidManifest.xml:44:13-102
264            android:authorities="org.vunkers.thingsboard.app.flutterfirebasemessaginginitprovider"
264-->[:firebase_messaging] AndroidManifest.xml:45:13-88
265            android:exported="false"
265-->[:firebase_messaging] AndroidManifest.xml:46:13-37
266            android:initOrder="99" />
266-->[:firebase_messaging] AndroidManifest.xml:47:13-35
267
268        <activity
268-->[:flutter_inappwebview_android] AndroidManifest.xml:16:9-20:47
269            android:name="com.pichillilorenzo.flutter_inappwebview_android.in_app_browser.InAppBrowserActivity"
269-->[:flutter_inappwebview_android] AndroidManifest.xml:17:13-112
270            android:configChanges="orientation|keyboardHidden|keyboard|screenSize|locale|layoutDirection|fontScale|screenLayout|density"
270-->[:flutter_inappwebview_android] AndroidManifest.xml:18:13-137
271            android:exported="false"
271-->[:flutter_inappwebview_android] AndroidManifest.xml:19:13-37
272            android:theme="@style/AppTheme" />
272-->[:flutter_inappwebview_android] AndroidManifest.xml:20:13-44
273        <activity
273-->[:flutter_inappwebview_android] AndroidManifest.xml:21:9-24:55
274            android:name="com.pichillilorenzo.flutter_inappwebview_android.chrome_custom_tabs.ChromeCustomTabsActivity"
274-->[:flutter_inappwebview_android] AndroidManifest.xml:22:13-120
275            android:exported="false"
275-->[:flutter_inappwebview_android] AndroidManifest.xml:23:13-37
276            android:theme="@style/ThemeTransparent" />
276-->[:flutter_inappwebview_android] AndroidManifest.xml:24:13-52
277        <activity
277-->[:flutter_inappwebview_android] AndroidManifest.xml:25:9-28:55
278            android:name="com.pichillilorenzo.flutter_inappwebview_android.chrome_custom_tabs.TrustedWebActivity"
278-->[:flutter_inappwebview_android] AndroidManifest.xml:26:13-114
279            android:exported="false"
279-->[:flutter_inappwebview_android] AndroidManifest.xml:27:13-37
280            android:theme="@style/ThemeTransparent" />
280-->[:flutter_inappwebview_android] AndroidManifest.xml:28:13-52
281        <activity
281-->[:flutter_inappwebview_android] AndroidManifest.xml:29:9-33:55
282            android:name="com.pichillilorenzo.flutter_inappwebview_android.chrome_custom_tabs.ChromeCustomTabsActivitySingleInstance"
282-->[:flutter_inappwebview_android] AndroidManifest.xml:30:13-134
283            android:exported="false"
283-->[:flutter_inappwebview_android] AndroidManifest.xml:31:13-37